<?xml version="1.0" encoding="UTF-8"?>
<!-- Generated by org.testng.reporters.JUnitReportReporter -->
<testsuite hostname="Omm-984" failures="0" tests="1" name="drivefactory.AdminLoginValidData" time="16.090" errors="0" timestamp="2025-03-27T23:00:30 IST" skipped="0">
  <testcase classname="drivefactory.AdminLoginValidData" name="starttest" time="16.090">
    <system-out>
      <![CDATA[no of rows are::7]]>
    </system-out>
  </testcase> <!-- starttest -->
  <system-out>
    <![CDATA[no of rows are::7]]>
  </system-out>
</testsuite> <!-- drivefactory.AdminLoginValidData -->
