<?xml version="1.0" encoding="UTF-8"?>
<!-- Generated by org.testng.reporters.JUnitReportReporter -->
<testsuite hostname="Omm-984" failures="0" tests="6" name="testrunner.Addemployee" time="0.172" errors="0" timestamp="05 Apr 2025 07:00:50 GMT" skipped="6">
  <testcase classname="testrunner.Addemployee" name="runScenario" time="0.004">
    <skipped/>
  </testcase> <!-- runScenario -->
  <testcase classname="testrunner.Addemployee" name="runScenario" time="0.144">
    <skipped/>
  </testcase> <!-- runScenario -->
  <testcase classname="testrunner.Addemployee" name="runScenario" time="0.008">
    <skipped/>
  </testcase> <!-- runScenario -->
  <testcase classname="testrunner.Addemployee" name="runScenario" time="0.006">
    <skipped/>
  </testcase> <!-- runScenario -->
  <testcase classname="testrunner.Addemployee" name="runScenario" time="0.005">
    <skipped/>
  </testcase> <!-- runScenario -->
  <testcase classname="testrunner.Addemployee" name="runScenario" time="0.005">
    <skipped/>
  </testcase> <!-- runScenario -->
</testsuite> <!-- testrunner.Addemployee -->
