<?xml version="1.0" encoding="UTF-8"?>
<!-- Generated by org.testng.reporters.JUnitReportReporter -->
<testsuite hostname="Omm-984" failures="0" tests="8" name="testrunner.AdminLogin" time="45.705" errors="0" timestamp="04 Apr 2025 13:17:07 GMT" skipped="0">
  <testcase classname="testrunner.AdminLogin" name="runScenario" time="5.779"/>
  <testcase classname="testrunner.AdminLogin" name="runScenario" time="7.611"/>
  <testcase classname="testrunner.AdminLogin" name="runScenario" time="4.960"/>
  <testcase classname="testrunner.AdminLogin" name="runScenario" time="6.667"/>
  <testcase classname="testrunner.AdminLogin" name="runScenario" time="5.000"/>
  <testcase classname="testrunner.AdminLogin" name="runScenario" time="4.950"/>
  <testcase classname="testrunner.AdminLogin" name="runScenario" time="5.400"/>
  <testcase classname="testrunner.AdminLogin" name="runScenario" time="5.338"/>
</testsuite> <!-- testrunner.AdminLogin -->
